[2026-05-13 10:56:58] [INFO] [contributor] [CONNECT] [IPC_]
[2026-05-13 10:56:58] [WARNING] [contributor] [DENIED] [IPC_]
[2026-05-13 10:56:58] [INFO] [contributor] [CONNECT] [docs]
[2026-05-13 10:56:58] [WARNING] [contributor] [DENIED] [docs]
[2026-05-13 10:56:58] [WARNING] [contributor] [DENIED] [docs]
[2026-05-13 10:56:58] [WARNING] [contributor] [DENIED] [docs]
[2026-05-13 10:56:58] [WARNING] [contributor] [DENIED] [docs]
[2026-05-13 10:56:58] [WARNING] [contributor] [DENIED] [docs]
[2026-05-13 10:57:08] [INFO] [librarian] [CONNECT] [IPC_]
[2026-05-13 10:57:08] [WARNING] [librarian] [DENIED] [IPC_]
[2026-05-13 10:57:08] [INFO] [librarian] [CONNECT] [docs]
[2026-05-13 10:57:08] [WARNING] [librarian] [DENIED] [docs]
[2026-05-13 10:57:08] [WARNING] [librarian] [DENIED] [docs]
[2026-05-13 10:57:08] [WARNING] [librarian] [DENIED] [docs]
[2026-05-13 10:57:08] [WARNING] [librarian] [DENIED] [docs]
[2026-05-13 10:57:08] [WARNING] [librarian] [DENIED] [docs]
[2026-05-13 10:57:08] [WARNING] [librarian] [DENIED] [docs]
[2026-05-13 10:57:14] [INFO] [librarian] [CONNECT] [IPC_]
[2026-05-13 10:57:14] [WARNING] [librarian] [DENIED] [IPC_]
[2026-05-13 10:57:14] [INFO] [librarian] [CONNECT] [docs]
